{"message":"Greeting Message Deleted Successfully","level":"info"}
{"message":"There is no data in database ","level":"info"}
{"message":"Successfully Created Gretting","level":"info"}
{"message":"Successfully Recieve all Greetings ","level":"info"}
{"message":"Successfully Recieve all Greetings ","level":"info"}
{"message":"Greeting Message Deleted Successfully","level":"info"}
{"message":"There is no data in database ","level":"info"}
{"message":"There is no data in database ","level":"info"}
{"message":"There is no data in database ","level":"info"}
{"message":"Successfully Created Gretting","level":"info"}
{"message":"Successfully Recieve all Greetings ","level":"info"}
{"message":"Successfully Recieve all Greetings ","level":"info"}
{"message":"Successfully Recieve all Greetings ","level":"info"}
{"message":"Successfully Recieve all Greetings ","level":"info"}
{"message":"Successfully Recieve all Greetings ","level":"info"}
{"message":"Successfully Recieve all Greetings ","level":"info"}
{"message":"Greeting Content Cannot in Proper format","level":"error"}
{"message":"Greeting Content Cannot in Proper format","level":"error"}
{"message":"Successfully Recieve all Greetings ","level":"info"}
{"message":"Successfully Created Gretting","level":"info"}
{"message":"Successfully Recieve all Greetings ","level":"info"}
{"message":"Successfully Recieve all Greetings ","level":"info"}
{"message":"Successfully Recieve all Greetings ","level":"info"}
{"message":"Greeting Content Cannot in Proper format","level":"error"}
{"message":"Successfully Created Gretting","level":"info"}
{"message":"Successfully Created Gretting","level":"info"}
{"message":"Successfully Recieve all Greetings ","level":"info"}
{"message":"Successfully Created Gretting","level":"info"}
{"message":"Successfully Recieve all Greetings ","level":"info"}
{"message":"Successfully Recieve all Greetings ","level":"info"}{"message":"There is no data in database ","level":"info"}
{"message":"Successfully Created Gretting","level":"info"}
{"message":"Successfully Recieve all Greetings ","level":"info"}
{"message":"Greeting Message Deleted Successfully","level":"info"}
{"message":"There is no data in database ","level":"info"}
{"message":"There is no data in database ","level":"info"}
{"message":"Successfully Created Gretting","level":"info"}
{"message":"Greeting Message Deleted Successfully","level":"info"}
{"message":"Greeting Message Deleted Successfully","level":"info"}
{"message":"Greeting Message Deleted Successfully","level":"info"}
{"message":"Successfully Created Gretting","level":"info"}
{"message":"Greeting Message Deleted Successfully","level":"info"}
{"message":"Greeting Message Deleted Successfully","level":"info"}
{"message":"There is no data in database ","level":"info"}
{"message":"There is no data in database ","level":"info"}
{"message":"There is no data in database ","level":"info"}
{"message":"There is no data in database ","level":"info"}
{"message":"There is no data in database ","level":"info"}
{"message":"There is no data in database ","level":"info"}
{"message":"Successfully Created Gretting","level":"info"}
{"message":"Greeting Message Deleted Successfully","level":"info"}
{"message":"Greeting Message Deleted Successfully","level":"info"}
{"message":"Greeting Message Deleted Successfully","level":"info"}
{"message":"Successfully Created Gretting","level":"info"}
{"message":"Greeting Message Deleted Successfully","level":"info"}
{"message":"Successfully Created Gretting","level":"info"}
{"message":"Successfully Recieve all Greetings ","level":"info"}
{"message":"Greeting Message Deleted Successfully","level":"info"}
{"message":"There is no data in database ","level":"info"}
{"message":"Successfully Created Gretting","level":"info"}
{"message":"Successfully Created Gretting","level":"info"}
{"message":"Successfully Recieve all Greetings ","level":"info"}
{"message":"Greeting Message Deleted Successfully","level":"info"}
{"message":"Successfully Created Gretting","level":"info"}
{"message":"Successfully Created Gretting","level":"info"}
{"message":"Successfully Recieve all Greetings ","level":"info"}
{"message":"Successfully Created Gretting","level":"info"}
{"message":"Successfully Recieve all Greetings ","level":"info"}
{"message":"Successfully Updated Greeting with Greeting ID: 5fae520d3f62c947b86d9dc4","level":"info"}
{"message":"Successfully Recieve all Greetings ","level":"info"}
{"message":"Successfully Recieve all Greetings ","level":"info"}
{"message":"Successfully Recieve all Greetings ","level":"info"}
{"message":"Successfully Recieve all Greetings ","level":"info"}
{"message":"Successfully Recieve all Greetings ","level":"info"}
{"message":"Successfully Recieve all Greetings ","level":"info"}
{"message":"Successfully Recieve all Greetings ","level":"info"}
{"message":"Successfully Recieve all Greetings ","level":"info"}
{"message":"Successfully Recieve all Greetings ","level":"info"}
{"message":"Successfully Recieve all Greetings ","level":"info"}
{"message":"Successfully Recieve all Greetings ","level":"info"}
{"message":"Successfully Recieve all Greetings ","level":"info"}
{"message":"Successfully Recieve all Greetings ","level":"info"}
{"message":"Successfully Recieve all Greetings ","level":"info"}
{"message":"Successfully Recieve all Greetings ","level":"info"}
{"message":"Successfully Recieve all Greetings ","level":"info"}
{"message":"Successfully Recieve all Greetings ","level":"info"}
{"message":"Successfully Recieve all Greetings ","level":"info"}
{"message":"Successfully Recieve all Greetings ","level":"info"}
{"message":"Successfully Recieve all Greetings ","level":"info"}
{"message":"Successfully Recieve all Greetings ","level":"info"}
{"message":"Successfully Recieve all Greetings ","level":"info"}
{"message":"Successfully Recieve all Greetings ","level":"info"}
{"message":"Successfully Recieve all Greetings ","level":"info"}
{"message":"Successfully Recieve all Greetings ","level":"info"}
{"message":"Successfully Recieve all Greetings ","level":"info"}
{"message":"Successfully Recieve all Greetings ","level":"info"}
{"message":"Successfully Recieve all Greetings ","level":"info"}
{"message":"Successfully Recieve all Greetings ","level":"info"}
{"message":"Successfully Recieve all Greetings ","level":"info"}
{"message":"Successfully Recieve all Greetings ","level":"info"}
{"message":"Successfully Recieve all Greetings ","level":"info"}
{"message":"Successfully Recieve all Greetings ","level":"info"}
{"message":"Greeting Content Cannot in Proper format","level":"error"}
{"message":"Greeting Content Cannot in Proper format","level":"error"}
{"message":"Greeting Content Cannot in Proper format","level":"error"}
{"message":"Greeting Content Cannot in Proper format","level":"error"}
{"message":"Greeting Content Cannot in Proper format","level":"error"}
{"message":"Greeting Content Cannot in Proper format","level":"error"}
{"message":"Successfully Created Gretting","level":"info"}
{"message":"Successfully Recieve all Greetings ","level":"info"}
{"message":"Greeting Content Cannot in Proper format","level":"error"}
{"message":"Greeting Content Cannot in Proper format","level":"error"}
{"message":"Greeting Content Cannot in Proper format","level":"error"}
{"message":"Greeting Content Cannot in Proper format","level":"error"}
{"message":"Greeting Content Cannot in Proper format","level":"error"}
{"message":"Greeting Content Cannot in Proper format","level":"error"}
{"message":"Greeting Content Cannot in Proper format","level":"error"}
{"message":"Successfully Created Gretting","level":"info"}
{"message":"Greeting Content Cannot in Proper format","level":"error"}
{"message":"Successfully Created Gretting","level":"info"}
{"message":"Successfully Recieve all Greetings ","level":"info"}
{"message":"Greeting Not found with id: [object HTMLInputElement]","level":"error"}
{"message":"Successfully Recieve all Greetings ","level":"info"}
{"message":"Greeting Not found with id: [object HTMLInputElement]","level":"error"}
{"message":"Successfully Recieve all Greetings ","level":"info"}
{"message":"Successfully Recieve all Greetings ","level":"info"}
{"message":"Successfully Recieve all Greetings ","level":"info"}
{"message":"Successfully Recieve all Greetings ","level":"info"}
{"message":"Successfully Recieve all Greetings ","level":"info"}
{"message":"Successfully Recieve all Greetings ","level":"info"}
{"message":"Successfully Recieve all Greetings ","level":"info"}
{"message":"Successfully Updated Greeting with Greeting ID: 5fad8c633f62c947b86d9dc0","level":"info"}
{"message":"Successfully Recieve all Greetings ","level":"info"}
{"message":"Successfully Recieve all Greetings ","level":"info"}
{"message":"Greeting Message Deleted Successfully","level":"info"}
{"message":"Successfully Recieve all Greetings ","level":"info"}
{"message":"Greeting Message Deleted Successfully","level":"info"}
{"message":"Successfully Recieve all Greetings ","level":"info"}
{"message":"Greeting Message Deleted Successfully","level":"info"}
{"message":"Successfully Recieve all Greetings ","level":"info"}
{"message":"Successfully Recieve all Greetings ","level":"info"}
{"message":"Successfully Recieve all Greetings ","level":"info"}
{"message":"Successfully Recieve all Greetings ","level":"info"}
{"message":"Successfully Recieve all Greetings ","level":"info"}
{"message":"Successfully Recieve all Greetings ","level":"info"}
{"message":"Successfully Recieve all Greetings ","level":"info"}
{"message":"Successfully Recieve all Greetings ","level":"info"}
{"message":"Successfully Recieve all Greetings ","level":"info"}
{"message":"Successfully Recieve all Greetings ","level":"info"}
{"message":"Successfully Recieve all Greetings ","level":"info"}
{"message":"Successfully Recieve all Greetings ","level":"info"}
{"message":"Successfully Recieve all Greetings ","level":"info"}
{"message":"Successfully Recieve all Greetings ","level":"info"}
{"message":"Successfully Recieve all Greetings ","level":"info"}
{"message":"Successfully Recieve all Greetings ","level":"info"}
{"message":"Successfully Recieve all Greetings ","level":"info"}
{"message":"Successfully Recieve all Greetings ","level":"info"}
{"message":"Successfully Recieve all Greetings ","level":"info"}
{"message":"Successfully Recieve all Greetings ","level":"info"}
{"message":"Successfully Recieve all Greetings ","level":"info"}
{"message":"Successfully Recieve all Greetings ","level":"info"}
{"message":"Successfully Recieve all Greetings ","level":"info"}
{"message":"Successfully Recieve all Greetings ","level":"info"}
{"message":"Successfully Recieve all Greetings ","level":"info"}
{"message":"Successfully Recieve all Greetings ","level":"info"}
{"message":"Successfully Recieve all Greetings ","level":"info"}
{"message":"Successfully Recieve all Greetings ","level":"info"}
{"message":"Successfully Recieve all Greetings ","level":"info"}
{"message":"Successfully Recieve all Greetings ","level":"info"}
{"message":"Successfully Recieve all Greetings ","level":"info"}
{"message":"Successfully Recieve all Greetings ","level":"info"}
{"message":"Successfully Recieve all Greetings ","level":"info"}
{"message":"Successfully Recieve all Greetings ","level":"info"}
{"message":"Successfully Recieve all Greetings ","level":"info"}
{"message":"Successfully Recieve all Greetings ","level":"info"}
{"message":"Successfully Recieve all Greetings ","level":"info"}
{"message":"Successfully Recieve all Greetings ","level":"info"}
{"message":"Successfully Recieve all Greetings ","level":"info"}
{"message":"Successfully Recieve all Greetings ","level":"info"}
{"message":"Successfully Recieve all Greetings ","level":"info"}
{"message":"Successfully Recieve all Greetings ","level":"info"}
{"message":"Successfully Recieve all Greetings ","level":"info"}
{"message":"Successfully Recieve all Greetings ","level":"info"}
{"message":"Successfully Recieve all Greetings ","level":"info"}
{"message":"Successfully Created Gretting","level":"info"}
{"message":"Successfully Created Gretting","level":"info"}
{"message":"Successfully Recieve all Greetings ","level":"info"}
{"message":"Successfully Created Gretting","level":"info"}
{"message":"Successfully Recieve all Greetings ","level":"info"}
{"message":"Successfully Recieve all Greetings ","level":"info"}
{"message":"Successfully Recieve all Greetings ","level":"info"}
{"message":"Successfully Updated Greeting with Greeting ID: 5fb181fa063b673ea89cb722","level":"info"}
{"message":"Successfully Recieve all Greetings ","level":"info"}
{"message":"Successfully Recieve all Greetings ","level":"info"}
{"message":"Successfully Recieve all Greetings ","level":"info"}
{"message":"Successfully Recieve all Greetings ","level":"info"}
{"message":"Successfully Recieve all Greetings ","level":"info"}
{"message":"Successfully Recieve all Greetings ","level":"info"}
{"message":"Successfully Recieve all Greetings ","level":"info"}
{"message":"Successfully Recieve all Greetings ","level":"info"}
{"message":"Successfully Recieve all Greetings ","level":"info"}
{"message":"Successfully Recieve all Greetings ","level":"info"}
{"message":"Successfully Recieve all Greetings ","level":"info"}
{"message":"Successfully Recieve all Greetings ","level":"info"}
{"message":"Successfully Created Gretting","level":"info"}
{"message":"Successfully Recieve all Greetings ","level":"info"}
{"message":"Successfully Recieve all Greetings ","level":"info"}
{"message":"Successfully Recieve all Greetings ","level":"info"}
{"message":"Successfully Created Gretting","level":"info"}
{"message":"Successfully Recieve all Greetings ","level":"info"}
{"message":"Greeting Message Deleted Successfully","level":"info"}
{"message":"Successfully Recieve all Greetings ","level":"info"}
{"message":"Successfully Recieve all Greetings ","level":"info"}
{"message":"Successfully Recieve all Greetings ","level":"info"}
{"message":"Successfully Recieve all Greetings ","level":"info"}
{"message":"Successfully Recieve all Greetings ","level":"info"}
{"message":"Successfully Recieve all Greetings ","level":"info"}
{"message":"Successfully Recieve all Greetings ","level":"info"}
{"message":"Successfully Recieve all Greetings ","level":"info"}
{"message":"Successfully Recieve all Greetings ","level":"info"}
{"message":"Successfully Recieve all Greetings ","level":"info"}
{"message":"Successfully Recieve all Greetings ","level":"info"}
{"message":"Successfully Recieve all Greetings ","level":"info"}
{"message":"Successfully Recieve all Greetings ","level":"info"}
{"message":"Successfully Recieve all Greetings ","level":"info"}
{"message":"Successfully Recieve all Greetings ","level":"info"}
{"message":"Successfully Recieve all Greetings ","level":"info"}
{"message":"Successfully Recieve all Greetings ","level":"info"}
{"message":"Successfully Recieve all Greetings ","level":"info"}
{"message":"Greeting Message Deleted Successfully","level":"info"}
{"message":"Successfully Recieve all Greetings ","level":"info"}
{"message":"Successfully Recieve all Greetings ","level":"info"}
{"message":"Successfully Recieve all Greetings ","level":"info"}
{"message":"Successfully Recieve all Greetings ","level":"info"}
{"message":"Successfully Recieve all Greetings ","level":"info"}
{"message":"Successfully Recieve all Greetings ","level":"info"}
{"message":"Successfully Recieve all Greetings ","level":"info"}
{"message":"Successfully Recieve all Greetings ","level":"info"}
{"message":"Successfully Recieve all Greetings ","level":"info"}
{"message":"Successfully Recieve all Greetings ","level":"info"}
{"message":"Successfully Recieve all Greetings ","level":"info"}
{"message":"Successfully Recieve all Greetings ","level":"info"}
{"message":"Successfully Recieve all Greetings ","level":"info"}
{"message":"Successfully Recieve all Greetings ","level":"info"}
{"message":"Successfully Recieve all Greetings ","level":"info"}
{"message":"Successfully Recieve all Greetings ","level":"info"}
{"message":"Successfully Recieve all Greetings ","level":"info"}
{"message":"Successfully Recieve all Greetings ","level":"info"}
{"message":"Successfully Recieve all Greetings ","level":"info"}
{"message":"Successfully Recieve all Greetings ","level":"info"}
{"message":"Successfully Recieve all Greetings ","level":"info"}
{"message":"Successfully Recieve all Greetings ","level":"info"}
{"message":"Successfully Recieve all Greetings ","level":"info"}
{"message":"Successfully Recieve all Greetings ","level":"info"}
{"message":"Successfully Recieve all Greetings ","level":"info"}
{"message":"Successfully Recieve all Greetings ","level":"info"}
{"message":"Successfully Recieve all Greetings ","level":"info"}
{"message":"Successfully Recieve all Greetings ","level":"info"}
{"message":"Successfully Recieve all Greetings ","level":"info"}
{"message":"Successfully Recieve all Greetings ","level":"info"}
{"message":"Successfully Recieve all Greetings ","level":"info"}
{"message":"Successfully Recieve all Greetings ","level":"info"}
{"message":"Successfully Recieve all Greetings ","level":"info"}
{"message":"Successfully Recieve all Greetings ","level":"info"}
{"message":"Successfully Recieve all Greetings ","level":"info"}
{"message":"Successfully Recieve all Greetings ","level":"info"}
{"message":"Successfully Recieve all Greetings ","level":"info"}
{"message":"Successfully Recieve all Greetings ","level":"info"}
{"message":"Successfully Recieve all Greetings ","level":"info"}
{"message":"Successfully Recieve all Greetings ","level":"info"}
{"message":"Successfully Recieve all Greetings ","level":"info"}
{"message":"Successfully Recieve all Greetings ","level":"info"}
{"message":"Successfully Recieve all Greetings ","level":"info"}
{"message":"Successfully Recieve all Greetings ","level":"info"}
{"message":"Successfully Recieve all Greetings ","level":"info"}
{"message":"Successfully Recieve all Greetings ","level":"info"}
{"message":"Successfully Recieve all Greetings ","level":"info"}
{"message":"Successfully Recieve all Greetings ","level":"info"}
{"message":"Successfully Recieve all Greetings ","level":"info"}
{"message":"Successfully Recieve all Greetings ","level":"info"}
{"message":"Successfully Recieve all Greetings ","level":"info"}
{"message":"Successfully Recieve all Greetings ","level":"info"}
{"message":"Successfully Recieve all Greetings ","level":"info"}
{"message":"Successfully Recieve all Greetings ","level":"info"}
{"message":"Greeting Content Cannot in Proper format","level":"error"}
{"message":"Successfully Recieve all Greetings ","level":"info"}
{"message":"Successfully Recieve all Greetings ","level":"info"}
{"message":"Successfully Recieve all Greetings ","level":"info"}
{"message":"Successfully Recieve all Greetings ","level":"info"}
{"message":"Successfully Recieve all Greetings ","level":"info"}
{"message":"Successfully Recieve all Greetings ","level":"info"}
{"message":"Successfully Recieve all Greetings ","level":"info"}
{"message":"Successfully Recieve all Greetings ","level":"info"}
{"message":"Successfully Recieve all Greetings ","level":"info"}
{"message":"Successfully Recieve all Greetings ","level":"info"}
{"message":"Successfully Recieve all Greetings ","level":"info"}
{"message":"Successfully Recieve all Greetings ","level":"info"}
{"message":"Successfully Recieve all Greetings ","level":"info"}
{"message":"Successfully Recieve all Greetings ","level":"info"}
{"message":"Successfully Recieve all Greetings ","level":"info"}
{"message":"Successfully Recieve all Greetings ","level":"info"}
{"message":"Successfully Recieve all Greetings ","level":"info"}
{"message":"Successfully Recieve all Greetings ","level":"info"}
{"message":"Successfully Recieve all Greetings ","level":"info"}
{"message":"Successfully Recieve all Greetings ","level":"info"}
{"message":"Successfully Recieve all Greetings ","level":"info"}
{"message":"Successfully Recieve all Greetings ","level":"info"}
{"message":"Successfully Recieve all Greetings ","level":"info"}
{"message":"Successfully Recieve all Greetings ","level":"info"}
{"message":"Successfully Recieve all Greetings ","level":"info"}
{"message":"Successfully Recieve all Greetings ","level":"info"}
{"message":"Successfully Recieve all Greetings ","level":"info"}
{"message":"Successfully Recieve all Greetings ","level":"info"}
{"message":"Successfully Recieve all Greetings ","level":"info"}
{"message":"Successfully Recieve all Greetings ","level":"info"}
{"message":"Successfully Recieve all Greetings ","level":"info"}
{"message":"Successfully Recieve all Greetings ","level":"info"}
{"message":"Successfully Recieve all Greetings ","level":"info"}
{"message":"Successfully Recieve all Greetings ","level":"info"}
{"message":"Successfully Recieve all Greetings ","level":"info"}
{"message":"Successfully Recieve all Greetings ","level":"info"}
{"message":"Successfully Recieve all Greetings ","level":"info"}
{"message":"Successfully Recieve all Greetings ","level":"info"}
{"message":"Successfully Recieve all Greetings ","level":"info"}
{"message":"Successfully Recieve all Greetings ","level":"info"}
{"message":"Successfully Recieve all Greetings ","level":"info"}
{"message":"Successfully Recieve all Greetings ","level":"info"}
{"message":"Successfully Recieve all Greetings ","level":"info"}
{"message":"Successfully Recieve all Greetings ","level":"info"}
{"message":"Successfully Recieve all Greetings ","level":"info"}
{"message":"Successfully Recieve all Greetings ","level":"info"}
{"message":"Successfully Recieve all Greetings ","level":"info"}
{"message":"Successfully Recieve all Greetings ","level":"info"}
{"message":"Successfully Recieve all Greetings ","level":"info"}
{"message":"Successfully Recieve all Greetings ","level":"info"}
{"message":"Successfully Recieve all Greetings ","level":"info"}
{"message":"Successfully Recieve all Greetings ","level":"info"}
{"message":"Successfully Recieve all Greetings ","level":"info"}
{"message":"Successfully Recieve all Greetings ","level":"info"}
{"message":"Successfully Recieve all Greetings ","level":"info"}
{"message":"Successfully Recieve all Greetings ","level":"info"}
{"message":"Successfully Recieve all Greetings ","level":"info"}
{"message":"Successfully Recieve all Greetings ","level":"info"}
{"message":"Successfully Recieve all Greetings ","level":"info"}
{"message":"Successfully Recieve all Greetings ","level":"info"}
{"message":"Successfully Recieve all Greetings ","level":"info"}
{"message":"Successfully Recieve all Greetings ","level":"info"}
{"message":"Successfully Recieve all Greetings ","level":"info"}
{"message":"Successfully Recieve all Greetings ","level":"info"}
{"message":"Successfully Recieve all Greetings ","level":"info"}
{"message":"Successfully Recieve all Greetings ","level":"info"}
{"message":"Successfully Recieve all Greetings ","level":"info"}
{"message":"Greeting Message Deleted Successfully","level":"info"}
{"message":"Successfully Recieve all Greetings ","level":"info"}
{"message":"Successfully Recieve all Greetings ","level":"info"}
{"message":"Successfully Recieve all Greetings ","level":"info"}
{"message":"Successfully Created Gretting","level":"info"}
{"message":"Successfully Recieve all Greetings ","level":"info"}
{"message":"Greeting Message Deleted Successfully","level":"info"}
{"message":"Successfully Recieve all Greetings ","level":"info"}
{"message":"Successfully Updated Greeting with Greeting ID: 5fb1ef01063b673ea89cb725","level":"info"}
{"message":"Successfully Recieve all Greetings ","level":"info"}
{"message":"Successfully Recieve all Greetings ","level":"info"}
{"message":"Successfully Recieve all Greetings ","level":"info"}
{"message":"Successfully Recieve all Greetings ","level":"info"}
{"message":"Successfully Recieve all Greetings ","level":"info"}
{"message":"Successfully Recieve all Greetings ","level":"info"}
{"message":"Successfully Recieve all Greetings ","level":"info"}
{"message":"Successfully Recieve all Greetings ","level":"info"}
{"message":"Successfully Created Gretting","level":"info"}
{"message":"Successfully Recieve all Greetings ","level":"info"}
{"message":"Successfully Created Gretting","level":"info"}
{"message":"Successfully Recieve all Greetings ","level":"info"}
{"message":"Greeting Message Deleted Successfully","level":"info"}
{"message":"Successfully Recieve all Greetings ","level":"info"}
{"message":"Successfully Recieve all Greetings ","level":"info"}
{"message":"Successfully Recieve all Greetings ","level":"info"}
{"message":"Successfully Recieve all Greetings ","level":"info"}
{"message":"Successfully Recieve all Greetings ","level":"info"}
{"message":"Successfully Updated Greeting with Greeting ID: 5fad8c633f62c947b86d9dc0","level":"info"}
{"message":"Greeting Message Deleted Successfully","level":"info"}
{"message":"Successfully Recieve all Greetings ","level":"info"}
{"message":"Successfully Recieve all Greetings ","level":"info"}
{"message":"Successfully Recieve all Greetings ","level":"info"}
{"message":"Successfully Recieve all Greetings ","level":"info"}
{"message":"Successfully Recieve all Greetings ","level":"info"}
{"message":"Successfully Recieve all Greetings ","level":"info"}
{"message":"Successfully Recieve all Greetings ","level":"info"}
{"message":"Successfully Recieve all Greetings ","level":"info"}
{"message":"Successfully Recieve all Greetings ","level":"info"}
{"message":"Successfully Recieve all Greetings ","level":"info"}
{"message":"Successfully Recieve all Greetings ","level":"info"}
{"message":"Successfully Recieve all Greetings ","level":"info"}
{"message":"Successfully Recieve all Greetings ","level":"info"}
{"message":"Successfully Created Gretting","level":"info"}
{"message":"Successfully Recieve all Greetings ","level":"info"}
{"message":"Successfully Recieve all Greetings ","level":"info"}
{"message":"Successfully Recieve all Greetings ","level":"info"}
{"message":"Successfully Recieve all Greetings ","level":"info"}
{"message":"Successfully Recieve all Greetings ","level":"info"}
{"message":"Successfully Created Gretting","level":"info"}
{"message":"Successfully Recieve all Greetings ","level":"info"}
{"message":"Greeting Message Deleted Successfully","level":"info"}
{"message":"Successfully Recieve all Greetings ","level":"info"}
{"message":"Greeting Message Deleted Successfully","level":"info"}
{"message":"Successfully Recieve all Greetings ","level":"info"}
{"message":"Greeting Message Deleted Successfully","level":"info"}
{"message":"Successfully Recieve all Greetings ","level":"info"}
{"message":"Error occured while deleting Greeting of GreetingId: Id:- 5fb367be156fbf16e86870fb","level":"error"}
{"message":"Successfully Recieve all Greetings ","level":"info"}
{"message":"Greeting Message Deleted Successfully","level":"info"}
{"message":"Successfully Recieve all Greetings ","level":"info"}
{"message":"Greeting Message Deleted Successfully","level":"info"}
{"message":"Successfully Recieve all Greetings ","level":"info"}
{"message":"Successfully Created Gretting","level":"info"}
{"message":"Successfully Recieve all Greetings ","level":"info"}
{"message":"Successfully Recieve all Greetings ","level":"info"}
{"message":"Successfully Recieve all Greetings ","level":"info"}
{"message":"Successfully Recieve all Greetings ","level":"info"}
{"message":"Successfully Recieve all Greetings ","level":"info"}
{"message":"Successfully Recieve all Greetings ","level":"info"}
{"message":"Successfully Recieve all Greetings ","level":"info"}
{"message":"Successfully Recieve all Greetings ","level":"info"}
{"message":"Successfully Created Gretting","level":"info"}
{"message":"Successfully Recieve all Greetings ","level":"info"}
{"message":"Successfully Recieve all Greetings ","level":"info"}
{"message":"Successfully Recieve all Greetings ","level":"info"}
{"message":"Successfully Recieve all Greetings ","level":"info"}
{"message":"Successfully Recieve all Greetings ","level":"info"}
{"message":"Greeting Content Cannot in Proper format","level":"error"}
{"message":"Greeting Content Cannot in Proper format","level":"error"}
{"message":"Successfully Recieve all Greetings ","level":"info"}
{"message":"Greeting Content Cannot in Proper format","level":"error"}
{"message":"Greeting Content Cannot in Proper format","level":"error"}
{"message":"Greeting Content Cannot in Proper format","level":"error"}
{"message":"Greeting Content Cannot in Proper format","level":"error"}
{"message":"Greeting Content Cannot in Proper format","level":"error"}
{"message":"Greeting Content Cannot in Proper format","level":"error"}
{"message":"Greeting Content Cannot in Proper format","level":"error"}
{"message":"Greeting Content Cannot in Proper format","level":"error"}
{"message":"Greeting Content Cannot in Proper format","level":"error"}
{"message":"Greeting Content Cannot in Proper format","level":"error"}
{"message":"Successfully Created Gretting","level":"info"}
{"message":"Successfully Created Gretting","level":"info"}
{"message":"Successfully Created Gretting","level":"info"}
{"message":"Successfully Created Gretting","level":"info"}
{"message":"Successfully Created Gretting","level":"info"}
{"message":"Successfully Created Gretting","level":"info"}
{"message":"Successfully Created Gretting","level":"info"}
{"message":"Successfully Created Gretting","level":"info"}
{"message":"Successfully Created Gretting","level":"info"}
{"message":"Successfully Created Gretting","level":"info"}
{"message":"Successfully Recieve all Greetings ","level":"info"}
{"message":"Successfully Recieve all Greetings ","level":"info"}
{"message":"Successfully Recieve all Greetings ","level":"info"}
{"message":"Successfully Recieve all Greetings ","level":"info"}
{"message":"Successfully Recieve all Greetings ","level":"info"}
{"message":"Successfully Recieve all Greetings ","level":"info"}
{"message":"Successfully Recieve all Greetings ","level":"info"}
{"message":"Greeting Message Deleted Successfully","level":"info"}
{"message":"Successfully Recieve all Greetings ","level":"info"}
{"message":"Successfully Recieve all Greetings ","level":"info"}
{"message":"Successfully Created Gretting","level":"info"}
{"message":"Successfully Recieve all Greetings ","level":"info"}
{"message":"Successfully Recieve all Greetings ","level":"info"}
{"message":"Successfully Recieve all Greetings ","level":"info"}
{"message":"Greeting Content Cannot in Proper format","level":"error"}
{"message":"Successfully Created Gretting","level":"info"}
{"message":"Successfully Recieve all Greetings ","level":"info"}
{"message":"Successfully Created Gretting","level":"info"}
{"message":"Successfully Recieve all Greetings ","level":"info"}
{"message":"Greeting Message Deleted Successfully","level":"info"}
{"message":"Greeting Content Cannot in Proper format","level":"error"}
{"message":"Successfully Created Gretting","level":"info"}
{"message":"Successfully Recieve all Greetings ","level":"info"}
{"message":"Greeting Content Cannot in Proper format","level":"error"}
{"message":"Successfully Recieve all Greetings ","level":"info"}
{"message":"Greeting Content Cannot in Proper format","level":"error"}
{"message":"Successfully Recieve all Greetings ","level":"info"}
{"message":"Successfully Created Gretting","level":"info"}
{"message":"Successfully Recieve all Greetings ","level":"info"}
{"message":"Greeting Message Deleted Successfully","level":"info"}
{"message":"Successfully Recieve all Greetings ","level":"info"}
{"message":"Successfully Created Gretting","level":"info"}
{"message":"Successfully Created Gretting","level":"info"}
{"message":"Successfully Recieve all Greetings ","level":"info"}
{"message":"Greeting Message Deleted Successfully","level":"info"}
{"message":"Successfully Created Gretting","level":"info"}
{"message":"Successfully Created Gretting","level":"info"}
{"message":"Successfully Recieve all Greetings ","level":"info"}
{"message":"Greeting Message Deleted Successfully","level":"info"}
{"message":"Greeting Content Cannot in Proper format","level":"error"}
{"message":"Successfully Recieve all Greetings ","level":"info"}
{"message":"Successfully Created Gretting","level":"info"}
{"message":"Successfully Recieve all Greetings ","level":"info"}
{"message":"Greeting Message Deleted Successfully","level":"info"}
{"message":"Successfully Recieve all Greetings ","level":"info"}
{"message":"Successfully Recieve all Greetings ","level":"info"}
{"message":"Successfully Recieve all Greetings ","level":"info"}
{"message":"Successfully Recieve all Greetings ","level":"info"}
{"message":"Successfully Recieve all Greetings ","level":"info"}
{"message":"Successfully Recieve all Greetings ","level":"info"}
{"message":"Successfully Recieve all Greetings ","level":"info"}
{"message":"Successfully Recieve all Greetings ","level":"info"}
{"message":"Successfully Recieve all Greetings ","level":"info"}
{"message":"Successfully Recieve all Greetings ","level":"info"}
{"message":"Successfully Recieve all Greetings ","level":"info"}
{"message":"Greeting Message Deleted Successfully","level":"info"}
{"message":"Greeting Message Deleted Successfully","level":"info"}
{"message":"Greeting Message Deleted Successfully","level":"info"}
{"message":"Greeting Message Deleted Successfully","level":"info"}
{"message":"Greeting Message Deleted Successfully","level":"info"}
{"message":"Successfully Recieve all Greetings ","level":"info"}
{"message":"Successfully Recieve all Greetings ","level":"info"}
{"message":"Successfully Recieve all Greetings ","level":"info"}
{"message":"Successfully Recieve all Greetings ","level":"info"}
{"message":"Greeting Content Cannot in Proper format","level":"error"}
{"message":"Successfully Recieve all Greetings ","level":"info"}
{"message":"Successfully Created Gretting","level":"info"}
{"message":"Successfully Recieve all Greetings ","level":"info"}
{"message":"Greeting Message Deleted Successfully","level":"info"}
{"message":"Successfully Recieve all Greetings ","level":"info"}
{"message":"Successfully Recieve all Greetings ","level":"info"}
{"message":"Successfully Recieve all Greetings ","level":"info"}
{"message":"Successfully Recieve all Greetings ","level":"info"}
{"message":"Successfully Recieve all Greetings ","level":"info"}
{"message":"Successfully Recieve all Greetings ","level":"info"}
{"message":"Successfully Created Gretting","level":"info"}
{"message":"Successfully Recieve all Greetings ","level":"info"}
{"message":"Successfully Updated Greeting with Greeting ID: 5fb56003b3bc6724943dbdc4","level":"info"}
{"message":"Successfully Recieve all Greetings ","level":"info"}
{"message":"Greeting Message Deleted Successfully","level":"info"}
{"message":"Successfully Created Gretting","level":"info"}
{"message":"Successfully Recieve all Greetings ","level":"info"}
{"message":"Successfully Updated Greeting with Greeting ID: 5fb560d6b3bc6724943dbdc5","level":"info"}
{"message":"Successfully Recieve all Greetings ","level":"info"}
{"message":"Greeting Message Deleted Successfully","level":"info"}
{"message":"Successfully Recieve all Greetings ","level":"info"}
{"message":"Successfully Recieve all Greetings ","level":"info"}
{"message":"Successfully Recieve all Greetings ","level":"info"}
{"message":"Successfully Recieve all Greetings ","level":"info"}
{"message":"Successfully Recieve all Greetings ","level":"info"}
{"message":"Successfully Recieve all Greetings ","level":"info"}
{"message":"Successfully Recieve all Greetings ","level":"info"}
{"message":"Successfully Recieve all Greetings ","level":"info"}
{"message":"Successfully Recieve all Greetings ","level":"info"}
{"message":"Successfully Created Gretting","level":"info"}
{"message":"Successfully Recieve all Greetings ","level":"info"}
{"message":"Successfully Recieve all Greetings ","level":"info"}
{"message":"Successfully Recieve all Greetings ","level":"info"}
{"message":"Successfully Recieve all Greetings ","level":"info"}
{"message":"Successfully Created Gretting","level":"info"}
{"message":"Successfully Recieve all Greetings ","level":"info"}
{"message":"Greeting Message Deleted Successfully","level":"info"}
{"message":"Successfully Recieve all Greetings ","level":"info"}
{"message":"Successfully Recieve all Greetings ","level":"info"}
{"message":"Successfully Recieve all Greetings ","level":"info"}
{"message":"Successfully Recieve all Greetings ","level":"info"}
{"message":"Successfully Recieve all Greetings ","level":"info"}
{"message":"Successfully Recieve all Greetings ","level":"info"}
{"message":"Successfully Recieve all Greetings ","level":"info"}
{"message":"Successfully Recieve all Greetings ","level":"info"}
{"message":"Successfully Recieve all Greetings ","level":"info"}
{"message":"Successfully Created Gretting","level":"info"}
{"message":"Successfully Recieve all Greetings ","level":"info"}
{"message":"Successfully Recieve all Greetings ","level":"info"}
{"message":"Successfully Recieve all Greetings ","level":"info"}
{"message":"Successfully Recieve all Greetings ","level":"info"}
{"message":"Successfully Recieve all Greetings ","level":"info"}
{"message":"Successfully Recieve all Greetings ","level":"info"}
{"message":"Successfully Recieve all Greetings ","level":"info"}
{"message":"Successfully Recieve all Greetings ","level":"info"}
{"message":"Successfully Recieve all Greetings ","level":"info"}
{"message":"Successfully Recieve all Greetings ","level":"info"}
{"message":"Successfully Recieve all Greetings ","level":"info"}
{"message":"Successfully Recieve all Greetings ","level":"info"}
{"message":"Successfully Recieve all Greetings ","level":"info"}
{"message":"Successfully Recieve all Greetings ","level":"info"}
{"message":"Successfully Recieve all Greetings ","level":"info"}
{"message":"Successfully Recieve all Greetings ","level":"info"}
{"message":"Successfully Recieve all Greetings ","level":"info"}
{"message":"Successfully Recieve all Greetings ","level":"info"}
{"message":"Successfully Recieve all Greetings ","level":"info"}
{"message":"Successfully Recieve all Greetings ","level":"info"}
{"message":"Successfully Recieve all Greetings ","level":"info"}
{"message":"Successfully Recieve all Greetings ","level":"info"}
{"message":"Successfully Recieve all Greetings ","level":"info"}
{"message":"Successfully Recieve all Greetings ","level":"info"}
{"message":"Successfully Recieve all Greetings ","level":"info"}
{"message":"Successfully Recieve all Greetings ","level":"info"}
{"message":"Successfully Recieve all Greetings ","level":"info"}
{"message":"Successfully Recieve all Greetings ","level":"info"}
{"message":"Successfully Recieve all Greetings ","level":"info"}
{"message":"Successfully Recieve all Greetings ","level":"info"}
{"message":"Successfully Recieve all Greetings ","level":"info"}
{"message":"Successfully Recieve all Greetings ","level":"info"}
{"message":"Successfully Recieve all Greetings ","level":"info"}
{"message":"Successfully Recieve all Greetings ","level":"info"}
{"message":"Successfully Recieve all Greetings ","level":"info"}
{"message":"Successfully Recieve all Greetings ","level":"info"}
{"message":"Successfully Recieve all Greetings ","level":"info"}
{"message":"Greeting Message Deleted Successfully","level":"info"}
{"message":"Greeting Message Deleted Successfully","level":"info"}
{"message":"Successfully Recieve all Greetings ","level":"info"}
{"message":"Greeting Message Deleted Successfully","level":"info"}
{"message":"Successfully Recieve all Greetings ","level":"info"}
{"message":"Successfully Recieve all Greetings ","level":"info"}
{"message":"Greeting Message Deleted Successfully","level":"info"}
{"message":"Successfully Recieve all Greetings ","level":"info"}
{"message":"Successfully Recieve all Greetings ","level":"info"}
{"message":"Successfully Recieve all Greetings ","level":"info"}
{"message":"Successfully Recieve all Greetings ","level":"info"}
{"message":"Successfully Recieve all Greetings ","level":"info"}
{"message":"Successfully Recieve all Greetings ","level":"info"}
{"message":"Error occured while deleting Greeting of GreetingId: undefined","level":"error"}
{"message":"Error occured while deleting Greeting of GreetingId: undefined","level":"error"}
{"message":"Successfully Recieve all Greetings ","level":"info"}
{"message":"Successfully Recieve all Greetings ","level":"info"}
{"message":"Successfully Recieve all Greetings ","level":"info"}
{"message":"Successfully Recieve all Greetings ","level":"info"}
{"message":"Successfully Recieve all Greetings ","level":"info"}
{"message":"Successfully Updated Greeting with Greeting ID: 5fb412685484f2386849d94f","level":"info"}
{"message":"Successfully Recieve all Greetings ","level":"info"}
{"message":"Error occured while deleting Greeting of GreetingId: undefined","level":"error"}
{"message":"Successfully Recieve all Greetings ","level":"info"}
{"message":"Greeting Message Deleted Successfully","level":"info"}
{"message":"Successfully Recieve all Greetings ","level":"info"}
{"message":"Successfully Recieve all Greetings ","level":"info"}
{"message":"Successfully Created Gretting","level":"info"}
{"message":"Successfully Recieve all Greetings ","level":"info"}
{"message":"Greeting Message Deleted Successfully","level":"info"}
{"message":"Successfully Recieve all Greetings ","level":"info"}
{"message":"Error occured while deleting Greeting of GreetingId: undefined","level":"error"}
{"message":"Error occured while deleting Greeting of GreetingId: undefined","level":"error"}
{"message":"Error occured while deleting Greeting of GreetingId: undefined","level":"error"}
{"message":"Error occured while deleting Greeting of GreetingId: undefined","level":"error"}
{"message":"Error occured while deleting Greeting of GreetingId: undefined","level":"error"}
{"message":"Error occured while deleting Greeting of GreetingId: undefined","level":"error"}
{"message":"Error occured while deleting Greeting of GreetingId: undefined","level":"error"}
{"message":"Error occured while deleting Greeting of GreetingId: undefined","level":"error"}
{"message":"Successfully Recieve all Greetings ","level":"info"}
{"message":"Successfully Recieve all Greetings ","level":"info"}
{"message":"Successfully Recieve all Greetings ","level":"info"}
{"message":"Successfully Recieve all Greetings ","level":"info"}
{"message":"Successfully Created Gretting","level":"info"}
{"message":"Successfully Recieve all Greetings ","level":"info"}
{"message":"Successfully Recieve all Greetings ","level":"info"}
{"message":"Successfully Recieve all Greetings ","level":"info"}
{"message":"Greeting Message Deleted Successfully","level":"info"}
{"message":"Successfully Recieve all Greetings ","level":"info"}
{"message":"Successfully Recieve all Greetings ","level":"info"}
{"message":"Greeting Message Deleted Successfully","level":"info"}
{"message":"Successfully Recieve all Greetings ","level":"info"}
{"message":"Successfully Recieve all Greetings ","level":"info"}
{"message":"Successfully Updated Greeting with Greeting ID: 5fb663b5c1eda34334a5678e","level":"info"}
{"message":"Successfully Recieve all Greetings ","level":"info"}
{"message":"Successfully Recieve all Greetings ","level":"info"}
{"message":"Successfully Recieve all Greetings ","level":"info"}
{"message":"Successfully Updated Greeting with Greeting ID: 5fb663b5c1eda34334a5678e","level":"info"}
{"message":"Successfully Recieve all Greetings ","level":"info"}
{"message":"Successfully Recieve all Greetings ","level":"info"}
{"message":"Successfully Updated Greeting with Greeting ID: 5fb663b5c1eda34334a5678e","level":"info"}
{"message":"Successfully Recieve all Greetings ","level":"info"}
{"message":"Successfully Recieve all Greetings ","level":"info"}
{"message":"Successfully Updated Greeting with Greeting ID: 5fb663b5c1eda34334a5678e","level":"info"}
{"message":"Successfully Recieve all Greetings ","level":"info"}
{"message":"Successfully Created Gretting","level":"info"}
{"message":"Successfully Recieve all Greetings ","level":"info"}
{"message":"Successfully Recieve all Greetings ","level":"info"}
{"message":"Successfully Recieve all Greetings ","level":"info"}
{"message":"Successfully Recieve all Greetings ","level":"info"}
{"message":"Successfully Recieve all Greetings ","level":"info"}
{"message":"Successfully Recieve all Greetings ","level":"info"}
{"message":"Successfully Recieve all Greetings ","level":"info"}
{"message":"Successfully Recieve all Greetings ","level":"info"}
{"message":"Successfully Recieve all Greetings ","level":"info"}
{"message":"Successfully Recieve all Greetings ","level":"info"}
{"message":"Successfully Recieve all Greetings ","level":"info"}
{"message":"Successfully Recieve all Greetings ","level":"info"}
{"message":"Successfully Recieve all Greetings ","level":"info"}
{"message":"Successfully Recieve all Greetings ","level":"info"}
{"message":"Successfully Recieve all Greetings ","level":"info"}
{"message":"Successfully Created Gretting","level":"info"}
{"message":"Successfully Recieve all Greetings ","level":"info"}
{"message":"Successfully Recieve all Greetings ","level":"info"}
{"message":"Successfully Recieve all Greetings ","level":"info"}
{"message":"Successfully Recieve all Greetings ","level":"info"}
{"message":"Greeting Message Deleted Successfully","level":"info"}
{"message":"Greeting Message Deleted Successfully","level":"info"}
{"message":"Successfully Recieve all Greetings ","level":"info"}
{"message":"Successfully Recieve all Greetings ","level":"info"}
{"message":"Successfully Recieve all Greetings ","level":"info"}
{"message":"Greeting Message Deleted Successfully","level":"info"}
{"message":"Greeting Message Deleted Successfully","level":"info"}
{"message":"Successfully Recieve all Greetings ","level":"info"}
{"message":"Successfully Recieve all Greetings ","level":"info"}
{"message":"Successfully Created Gretting","level":"info"}
{"message":"Successfully Recieve all Greetings ","level":"info"}
{"message":"Successfully Recieve all Greetings ","level":"info"}
{"message":"Successfully Recieve all Greetings ","level":"info"}
{"message":"Successfully Created Gretting","level":"info"}
{"message":"Successfully Recieve all Greetings ","level":"info"}
{"message":"Successfully Recieve all Greetings ","level":"info"}
{"message":"Successfully Recieve all Greetings ","level":"info"}
{"message":"Greeting Message Deleted Successfully","level":"info"}
{"message":"Greeting Message Deleted Successfully","level":"info"}
{"message":"Successfully Recieve all Greetings ","level":"info"}
{"message":"Greeting Message Deleted Successfully","level":"info"}
{"message":"Successfully Recieve all Greetings ","level":"info"}
{"message":"Successfully Created Gretting","level":"info"}
{"message":"Successfully Recieve all Greetings ","level":"info"}
{"message":"Successfully Recieve all Greetings ","level":"info"}
{"message":"Successfully Updated Greeting with Greeting ID: 5fb68080c1eda34334a56793","level":"info"}
{"message":"Successfully Recieve all Greetings ","level":"info"}
{"message":"Successfully Created Gretting","level":"info"}
{"message":"Successfully Recieve all Greetings ","level":"info"}
{"message":"Successfully Recieve all Greetings ","level":"info"}
{"message":"Greeting Content Cannot in Proper format","level":"error"}
{"message":"Successfully Recieve all Greetings ","level":"info"}
{"message":"Greeting Content Cannot in Proper format","level":"error"}
{"message":"Successfully Recieve all Greetings ","level":"info"}
{"message":"Greeting Content Cannot in Proper format","level":"error"}
{"message":"Successfully Recieve all Greetings ","level":"info"}
{"message":"Successfully Created Gretting","level":"info"}
{"message":"Successfully Recieve all Greetings ","level":"info"}
{"message":"Successfully Recieve all Greetings ","level":"info"}
{"message":"Greeting Message Deleted Successfully","level":"info"}
{"message":"Greeting Message Deleted Successfully","level":"info"}
{"message":"Successfully Recieve all Greetings ","level":"info"}
{"message":"Greeting Message Deleted Successfully","level":"info"}
{"message":"Successfully Recieve all Greetings ","level":"info"}
{"message":"Successfully Created Gretting","level":"info"}
{"message":"Successfully Recieve all Greetings ","level":"info"}
{"message":"Successfully Recieve all Greetings ","level":"info"}
{"message":"Successfully Recieve all Greetings ","level":"info"}
{"message":"Greeting Message Deleted Successfully","level":"info"}
{"message":"Greeting Message Deleted Successfully","level":"info"}
{"message":"Successfully Recieve all Greetings ","level":"info"}
{"message":"Successfully Created Gretting","level":"info"}
{"message":"Successfully Recieve all Greetings ","level":"info"}
{"message":"Successfully Recieve all Greetings ","level":"info"}
{"message":"Greeting Message Deleted Successfully","level":"info"}
{"message":"Successfully Recieve all Greetings ","level":"info"}
{"message":"Successfully Recieve all Greetings ","level":"info"}
{"message":"Successfully Created Gretting","level":"info"}
{"message":"Successfully Recieve all Greetings ","level":"info"}
{"message":"Successfully Recieve all Greetings ","level":"info"}
{"message":"Successfully Recieve all Greetings ","level":"info"}
{"message":"Successfully Updated Greeting with Greeting ID: 5fb680c5c1eda34334a56794","level":"info"}
{"message":"Successfully Recieve all Greetings ","level":"info"}
{"message":"Successfully Recieve all Greetings ","level":"info"}
{"message":"Successfully Recieve all Greetings ","level":"info"}
{"message":"Successfully Updated Greeting with Greeting ID: 5fb67960c1eda34334a5678f","level":"info"}
{"message":"Successfully Recieve all Greetings ","level":"info"}
{"message":"Successfully Recieve all Greetings ","level":"info"}
{"message":"Greeting Message Deleted Successfully","level":"info"}
{"message":"Greeting Message Deleted Successfully","level":"info"}
{"message":"Successfully Recieve all Greetings ","level":"info"}
{"message":"Successfully Created Gretting","level":"info"}
{"message":"Successfully Recieve all Greetings ","level":"info"}
{"message":"Successfully Recieve all Greetings ","level":"info"}
{"message":"Successfully Updated Greeting with Greeting ID: 5fb680c5c1eda34334a56794","level":"info"}
{"message":"Successfully Recieve all Greetings ","level":"info"}
{"message":"Greeting Message Deleted Successfully","level":"info"}
{"message":"Successfully Recieve all Greetings ","level":"info"}
{"message":"Successfully Recieve all Greetings ","level":"info"}
{"message":"Successfully Created Gretting","level":"info"}
{"message":"Successfully Recieve all Greetings ","level":"info"}
{"message":"Successfully Recieve all Greetings ","level":"info"}
{"message":"Successfully Recieve all Greetings ","level":"info"}
{"message":"Successfully Created Gretting","level":"info"}
{"message":"Successfully Recieve all Greetings ","level":"info"}
{"message":"Successfully Recieve all Greetings ","level":"info"}
{"message":"Greeting Message Deleted Successfully","level":"info"}
{"message":"Greeting Message Deleted Successfully","level":"info"}
{"message":"Successfully Recieve all Greetings ","level":"info"}
{"message":"Successfully Created Gretting","level":"info"}
{"message":"Successfully Recieve all Greetings ","level":"info"}
{"message":"Successfully Recieve all Greetings ","level":"info"}
{"message":"Successfully Created Gretting","level":"info"}
{"message":"Successfully Recieve all Greetings ","level":"info"}
{"message":"Successfully Recieve all Greetings ","level":"info"}
{"message":"Greeting Message Deleted Successfully","level":"info"}
{"message":"Greeting Message Deleted Successfully","level":"info"}
{"message":"Successfully Recieve all Greetings ","level":"info"}
{"message":"Successfully Created Gretting","level":"info"}
{"message":"Successfully Recieve all Greetings ","level":"info"}
{"message":"Successfully Recieve all Greetings ","level":"info"}
{"message":"Greeting Message Deleted Successfully","level":"info"}
{"message":"Greeting Message Deleted Successfully","level":"info"}
{"message":"Successfully Recieve all Greetings ","level":"info"}
{"message":"Successfully Recieve all Greetings ","level":"info"}
{"message":"Greeting Message Deleted Successfully","level":"info"}
{"message":"Greeting Message Deleted Successfully","level":"info"}
{"message":"Successfully Recieve all Greetings ","level":"info"}
{"message":"Successfully Recieve all Greetings ","level":"info"}
{"message":"Greeting Message Deleted Successfully","level":"info"}
{"message":"Greeting Message Deleted Successfully","level":"info"}
{"message":"Successfully Recieve all Greetings ","level":"info"}
{"message":"Successfully Recieve all Greetings ","level":"info"}
{"message":"Successfully Recieve all Greetings ","level":"info"}
{"message":"Greeting Message Deleted Successfully","level":"info"}
{"message":"Greeting Message Deleted Successfully","level":"info"}
{"message":"Successfully Recieve all Greetings ","level":"info"}
{"message":"Greeting Message Deleted Successfully","level":"info"}
{"message":"There is no data in database ","level":"info"}
{"message":"Greeting Message Deleted Successfully","level":"info"}
{"message":"There is no data in database ","level":"info"}
{"message":"Greeting Message Deleted Successfully","level":"info"}
{"message":"There is no data in database ","level":"info"}
{"message":"Greeting Message Deleted Successfully","level":"info"}
{"message":"There is no data in database ","level":"info"}
{"message":"Greeting Message Deleted Successfully","level":"info"}
{"message":"There is no data in database ","level":"info"}
{"message":"Greeting Message Deleted Successfully","level":"info"}
{"message":"There is no data in database ","level":"info"}
{"message":"Greeting Message Deleted Successfully","level":"info"}
{"message":"There is no data in database ","level":"info"}
{"message":"Greeting Message Deleted Successfully","level":"info"}
{"message":"There is no data in database ","level":"info"}
{"message":"Greeting Message Deleted Successfully","level":"info"}
{"message":"There is no data in database ","level":"info"}
{"message":"Greeting Message Deleted Successfully","level":"info"}
{"message":"There is no data in database ","level":"info"}
{"message":"Greeting Message Deleted Successfully","level":"info"}
{"message":"There is no data in database ","level":"info"}
{"message":"There is no data in database ","level":"info"}
{"message":"There is no data in database ","level":"info"}
{"message":"There is no data in database ","level":"info"}
{"message":"There is no data in database ","level":"info"}
{"message":"Successfully Created Gretting","level":"info"}
{"message":"Successfully Recieve all Greetings ","level":"info"}
{"message":"Successfully Recieve all Greetings ","level":"info"}
{"message":"Greeting Message Deleted Successfully","level":"info"}
{"message":"Greeting Message Deleted Successfully","level":"info"}
{"message":"There is no data in database ","level":"info"}
{"message":"Greeting Message Deleted Successfully","level":"info"}
{"message":"There is no data in database ","level":"info"}
{"message":"Greeting Message Deleted Successfully","level":"info"}
{"message":"There is no data in database ","level":"info"}
{"message":"There is no data in database ","level":"info"}
{"message":"There is no data in database ","level":"info"}
{"message":"Greeting Message Deleted Successfully","level":"info"}
{"message":"There is no data in database ","level":"info"}
{"message":"There is no data in database ","level":"info"}
{"message":"There is no data in database ","level":"info"}
{"message":"There is no data in database ","level":"info"}
{"message":"There is no data in database ","level":"info"}
{"message":"There is no data in database ","level":"info"}
{"message":"There is no data in database ","level":"info"}
{"message":"There is no data in database ","level":"info"}
{"message":"There is no data in database ","level":"info"}
{"message":"There is no data in database ","level":"info"}
{"message":"There is no data in database ","level":"info"}
{"message":"There is no data in database ","level":"info"}
{"message":"Successfully Created Gretting","level":"info"}
{"message":"Successfully Recieve all Greetings ","level":"info"}
{"message":"Successfully Recieve all Greetings ","level":"info"}
{"message":"Greeting Message Deleted Successfully","level":"info"}
{"message":"There is no data in database ","level":"info"}
{"message":"There is no data in database ","level":"info"}
{"message":"There is no data in database ","level":"info"}
{"message":"There is no data in database ","level":"info"}
{"message":"There is no data in database ","level":"info"}
{"message":"There is no data in database ","level":"info"}
{"message":"There is no data in database ","level":"info"}
{"message":"Successfully Created Gretting","level":"info"}
{"message":"Successfully Recieve all Greetings ","level":"info"}
{"message":"Successfully Created Gretting","level":"info"}
{"message":"Successfully Recieve all Greetings ","level":"info"}
{"message":"Successfully Recieve all Greetings ","level":"info"}
{"message":"Greeting Message Deleted Successfully","level":"info"}
{"message":"Greeting Message Deleted Successfully","level":"info"}
{"message":"Successfully Recieve all Greetings ","level":"info"}
{"message":"Successfully Created Gretting","level":"info"}
{"message":"Successfully Recieve all Greetings ","level":"info"}
{"message":"Successfully Recieve all Greetings ","level":"info"}
{"message":"Successfully Updated Greeting with Greeting ID: 5fb69a55a78dff4804a40f3f","level":"info"}
{"message":"Successfully Recieve all Greetings ","level":"info"}
{"message":"Successfully Recieve all Greetings ","level":"info"}
{"message":"Greeting Message Deleted Successfully","level":"info"}
{"message":"Greeting Message Deleted Successfully","level":"info"}
{"message":"Successfully Recieve all Greetings ","level":"info"}
{"message":"Successfully Created Gretting","level":"info"}
{"message":"Successfully Recieve all Greetings ","level":"info"}
{"message":"Successfully Created Gretting","level":"info"}
{"message":"Successfully Recieve all Greetings ","level":"info"}
{"message":"Greeting Message Deleted Successfully","level":"info"}
{"message":"Successfully Recieve all Greetings ","level":"info"}
{"message":"Successfully Recieve all Greetings ","level":"info"}
{"message":"Successfully Updated Greeting with Greeting ID: 5fb69b05a78dff4804a40f42","level":"info"}
{"message":"Successfully Recieve all Greetings ","level":"info"}
{"message":"Greeting Message Deleted Successfully","level":"info"}
{"message":"Successfully Recieve all Greetings ","level":"info"}
{"message":"Successfully Created Gretting","level":"info"}
{"message":"Successfully Recieve all Greetings ","level":"info"}
{"message":"Successfully Created Gretting","level":"info"}
{"message":"Successfully Recieve all Greetings ","level":"info"}
{"message":"Successfully Created Gretting","level":"info"}
{"message":"Successfully Recieve all Greetings ","level":"info"}
{"message":"Successfully Recieve all Greetings ","level":"info"}
{"message":"Greeting Message Deleted Successfully","level":"info"}
{"message":"Greeting Message Deleted Successfully","level":"info"}
{"message":"Successfully Recieve all Greetings ","level":"info"}
{"message":"Greeting Message Deleted Successfully","level":"info"}
{"message":"Successfully Recieve all Greetings ","level":"info"}
{"message":"Successfully Updated Greeting with Greeting ID: 5fb6b020a78dff4804a40f44","level":"info"}
{"message":"Successfully Recieve all Greetings ","level":"info"}
{"message":"Greeting Message Deleted Successfully","level":"info"}
{"message":"Successfully Recieve all Greetings ","level":"info"}
{"message":"Successfully Recieve all Greetings ","level":"info"}
{"message":"Successfully Created Gretting","level":"info"}
{"message":"Successfully Recieve all Greetings ","level":"info"}
{"message":"Successfully Recieve all Greetings ","level":"info"}
{"message":"Successfully Recieve all Greetings ","level":"info"}
{"message":"Successfully Recieve all Greetings ","level":"info"}
{"message":"Successfully Recieve all Greetings ","level":"info"}
{"message":"Successfully Updated Greeting with Greeting ID: 5fb69a83a78dff4804a40f41","level":"info"}
{"message":"Successfully Recieve all Greetings ","level":"info"}
{"message":"Successfully Recieve all Greetings ","level":"info"}
{"message":"Successfully Recieve all Greetings ","level":"info"}
{"message":"Successfully Recieve all Greetings ","level":"info"}
{"message":"Successfully Created Gretting","level":"info"}
{"message":"Successfully Recieve all Greetings ","level":"info"}
{"message":"Successfully Recieve all Greetings ","level":"info"}
{"message":"Greeting Message Deleted Successfully","level":"info"}
{"message":"Greeting Message Deleted Successfully","level":"info"}
{"message":"Successfully Recieve all Greetings ","level":"info"}
{"message":"Successfully Recieve all Greetings ","level":"info"}
{"message":"Successfully Created Gretting","level":"info"}
{"message":"Successfully Recieve all Greetings ","level":"info"}
{"message":"Successfully Created Gretting","level":"info"}
{"message":"Successfully Recieve all Greetings ","level":"info"}
{"message":"Successfully Updated Greeting with Greeting ID: 5fb7381e9642cd59c06e1601","level":"info"}
{"message":"Successfully Recieve all Greetings ","level":"info"}
{"message":"Successfully Recieve all Greetings ","level":"info"}
{"message":"Greeting Message Deleted Successfully","level":"info"}
{"message":"Greeting Message Deleted Successfully","level":"info"}
{"message":"Successfully Recieve all Greetings ","level":"info"}
{"message":"Successfully Recieve all Greetings ","level":"info"}
{"message":"Successfully Recieve all Greetings ","level":"info"}
{"message":"Successfully Recieve all Greetings ","level":"info"}
{"message":"Greeting Message Deleted Successfully","level":"info"}
{"message":"Greeting Message Deleted Successfully","level":"info"}
{"message":"Successfully Recieve all Greetings ","level":"info"}
{"message":"Successfully Recieve all Greetings ","level":"info"}
{"message":"Successfully Updated Greeting with Greeting ID: 5fb738089642cd59c06e1600","level":"info"}
{"message":"Successfully Recieve all Greetings ","level":"info"}
{"message":"Successfully Recieve all Greetings ","level":"info"}
{"message":"Successfully Created Gretting","level":"info"}
{"message":"Successfully Recieve all Greetings ","level":"info"}
{"message":"Successfully Recieve all Greetings ","level":"info"}
{"message":"Successfully Updated Greeting with Greeting ID: 5fb74afd728cbb1e342f218c","level":"info"}
{"message":"Successfully Recieve all Greetings ","level":"info"}
{"message":"Successfully Recieve all Greetings ","level":"info"}
{"message":"Successfully Recieve all Greetings ","level":"info"}
{"message":"Successfully Updated Greeting with Greeting ID: 5fb74afd728cbb1e342f218c","level":"info"}
{"message":"Successfully Recieve all Greetings ","level":"info"}
{"message":"Successfully Recieve all Greetings ","level":"info"}
{"message":"Greeting Message Deleted Successfully","level":"info"}
{"message":"Greeting Message Deleted Successfully","level":"info"}
{"message":"Successfully Recieve all Greetings ","level":"info"}
{"message":"Successfully Updated Greeting with Greeting ID: 5fb69a83a78dff4804a40f41","level":"info"}
{"message":"Successfully Recieve all Greetings ","level":"info"}
{"message":"Successfully Updated Greeting with Greeting ID: 5fb738089642cd59c06e1600","level":"info"}
{"message":"Successfully Recieve all Greetings ","level":"info"}
{"message":"Successfully Created Gretting","level":"info"}
{"message":"Successfully Recieve all Greetings ","level":"info"}
{"message":"Successfully Recieve all Greetings ","level":"info"}
{"message":"Successfully Recieve all Greetings ","level":"info"}
{"message":"Successfully Recieve all Greetings ","level":"info"}
{"message":"Successfully Recieve all Greetings ","level":"info"}
{"message":"Successfully Recieve all Greetings ","level":"info"}
{"message":"Successfully Recieve all Greetings ","level":"info"}
{"message":"Successfully Recieve all Greetings ","level":"info"}
{"message":"Successfully Recieve all Greetings ","level":"info"}
{"message":"Successfully Recieve all Greetings ","level":"info"}
{"message":"Successfully Recieve all Greetings ","level":"info"}
{"message":"Successfully Recieve all Greetings ","level":"info"}
{"message":"Successfully Recieve all Greetings ","level":"info"}
{"message":"Successfully Recieve all Greetings ","level":"info"}
{"message":"Successfully Recieve all Greetings ","level":"info"}
{"message":"Successfully Recieve all Greetings ","level":"info"}
{"message":"Successfully Recieve all Greetings ","level":"info"}
{"message":"Successfully Recieve all Greetings ","level":"info"}
{"message":"Successfully Recieve all Greetings ","level":"info"}
{"message":"Successfully Recieve all Greetings ","level":"info"}
{"message":"Successfully Created Gretting","level":"info"}
{"message":"Successfully Recieve all Greetings ","level":"info"}
{"message":"Successfully Recieve all Greetings ","level":"info"}
{"message":"Greeting Message Deleted Successfully","level":"info"}
{"message":"Greeting Message Deleted Successfully","level":"info"}
{"message":"Successfully Recieve all Greetings ","level":"info"}
{"message":"Greeting Message Deleted Successfully","level":"info"}
{"message":"Successfully Recieve all Greetings ","level":"info"}
{"message":"Successfully Recieve all Greetings ","level":"info"}
{"message":"Successfully Updated Greeting with Greeting ID: 5fb75fae8f57302644dd128e","level":"info"}
{"message":"Successfully Recieve all Greetings ","level":"info"}
{"message":"Successfully Recieve all Greetings ","level":"info"}
{"message":"Successfully Recieve all Greetings ","level":"info"}
{"message":"Successfully Recieve all Greetings ","level":"info"}
{"message":"Successfully Recieve all Greetings ","level":"info"}
{"message":"Successfully Recieve all Greetings ","level":"info"}
{"message":"Successfully Created Gretting","level":"info"}
{"message":"Successfully Recieve all Greetings ","level":"info"}
{"message":"Successfully Recieve all Greetings ","level":"info"}
{"message":"Successfully Updated Greeting with Greeting ID: 5fb777fc8f57302644dd1290","level":"info"}
{"message":"Successfully Recieve all Greetings ","level":"info"}
{"message":"Greeting Message Deleted Successfully","level":"info"}
{"message":"Successfully Recieve all Greetings ","level":"info"}
{"message":"Successfully Recieve all Greetings ","level":"info"}
{"message":"Successfully Recieve all Greetings ","level":"info"}
{"message":"Successfully Recieve all Greetings ","level":"info"}
{"message":"Successfully Recieve all Greetings ","level":"info"}
{"message":"Successfully Recieve all Greetings ","level":"info"}
{"message":"Successfully Recieve all Greetings ","level":"info"}
{"message":"Successfully Recieve all Greetings ","level":"info"}
{"message":"Successfully Recieve all Greetings ","level":"info"}
{"message":"Successfully Recieve all Greetings ","level":"info"}
{"message":"Successfully Recieve all Greetings ","level":"info"}
{"message":"Successfully Recieve all Greetings ","level":"info"}
{"message":"Greeting Message Deleted Successfully","level":"info"}
{"message":"Greeting Message Deleted Successfully","level":"info"}
{"message":"Successfully Recieve all Greetings ","level":"info"}
{"message":"Successfully Recieve all Greetings ","level":"info"}
{"message":"Successfully Recieve all Greetings ","level":"info"}
{"message":"Successfully Recieve all Greetings ","level":"info"}
{"message":"Successfully Recieve all Greetings ","level":"info"}
{"message":"Successfully Recieve all Greetings ","level":"info"}
{"message":"Successfully Recieve all Greetings ","level":"info"}
{"message":"Successfully Recieve all Greetings ","level":"info"}
{"message":"Successfully Recieve all Greetings ","level":"info"}
{"message":"Successfully Recieve all Greetings ","level":"info"}
{"message":"Successfully Recieve all Greetings ","level":"info"}
{"message":"Successfully Recieve all Greetings ","level":"info"}
{"message":"Successfully Recieve all Greetings ","level":"info"}
{"message":"Successfully Recieve all Greetings ","level":"info"}
{"message":"Greeting Message Deleted Successfully","level":"info"}
{"message":"There is no data in database ","level":"info"}
{"message":"There is no data in database ","level":"info"}
{"message":"There is no data in database ","level":"info"}
{"message":"There is no data in database ","level":"info"}
{"message":"There is no data in database ","level":"info"}
{"message":"There is no data in database ","level":"info"}
{"message":"There is no data in database ","level":"info"}
{"message":"There is no data in database ","level":"info"}
{"message":"Successfully Created Gretting","level":"info"}
{"message":"Successfully Recieve all Greetings ","level":"info"}
{"message":"Successfully Recieve all Greetings ","level":"info"}
{"message":"Greeting Message Deleted Successfully","level":"info"}
{"message":"There is no data in database ","level":"info"}
{"message":"There is no data in database ","level":"info"}
{"message":"There is no data in database ","level":"info"}
{"message":"Successfully Created Gretting","level":"info"}
{"message":"Successfully Recieve all Greetings ","level":"info"}
{"message":"Successfully Recieve all Greetings ","level":"info"}
{"message":"Successfully Recieve all Greetings ","level":"info"}
{"message":"Successfully Created Gretting","level":"info"}
{"message":"Successfully Recieve all Greetings ","level":"info"}
{"message":"Successfully Recieve all Greetings ","level":"info"}
{"message":"Successfully Recieve all Greetings ","level":"info"}
{"message":"Successfully Created Gretting","level":"info"}
{"message":"Successfully Recieve all Greetings ","level":"info"}
{"message":"Successfully Recieve all Greetings ","level":"info"}
{"message":"Greeting Message Deleted Successfully","level":"info"}
{"message":"Successfully Recieve all Greetings ","level":"info"}
{"message":"Successfully Recieve all Greetings ","level":"info"}
{"message":"Greeting Message Deleted Successfully","level":"info"}
{"message":"Successfully Recieve all Greetings ","level":"info"}
{"message":"Successfully Recieve all Greetings ","level":"info"}
{"message":"Successfully Created Gretting","level":"info"}
{"message":"Successfully Recieve all Greetings ","level":"info"}
{"message":"Successfully Recieve all Greetings ","level":"info"}
{"message":"Successfully Recieve all Greetings ","level":"info"}
{"message":"Greeting Message Deleted Successfully","level":"info"}
{"message":"Successfully Recieve all Greetings ","level":"info"}
{"message":"Greeting Message Deleted Successfully","level":"info"}
{"message":"Successfully Recieve all Greetings ","level":"info"}
{"message":"Successfully Recieve all Greetings ","level":"info"}
{"message":"Successfully Created Gretting","level":"info"}
{"message":"Successfully Recieve all Greetings ","level":"info"}
{"message":"Successfully Recieve all Greetings ","level":"info"}
{"message":"Greeting Message Deleted Successfully","level":"info"}
{"message":"Successfully Recieve all Greetings ","level":"info"}
{"message":"Successfully Recieve all Greetings ","level":"info"}
{"message":"Successfully Created Gretting","level":"info"}
{"message":"Successfully Recieve all Greetings ","level":"info"}
{"message":"Successfully Recieve all Greetings ","level":"info"}
{"message":"Successfully Recieve all Greetings ","level":"info"}
{"message":"Successfully Updated Greeting with Greeting ID: 5fb79b1a8f57302644dd1297","level":"info"}
{"message":"Successfully Recieve all Greetings ","level":"info"}
{"message":"Successfully Recieve all Greetings ","level":"info"}
{"message":"Successfully Updated Greeting with Greeting ID: 5fb79b1a8f57302644dd1297","level":"info"}
{"message":"Successfully Recieve all Greetings ","level":"info"}
{"message":"Successfully Recieve all Greetings ","level":"info"}
{"message":"Successfully Recieve all Greetings ","level":"info"}
{"message":"Greeting Message Deleted Successfully","level":"info"}
{"message":"Successfully Recieve all Greetings ","level":"info"}
{"message":"Successfully Recieve all Greetings ","level":"info"}
{"message":"Successfully Created Gretting","level":"info"}
{"message":"Successfully Recieve all Greetings ","level":"info"}
{"message":"Successfully Recieve all Greetings ","level":"info"}
{"message":"Greeting Message Deleted Successfully","level":"info"}
{"message":"Successfully Recieve all Greetings ","level":"info"}
{"message":"Successfully Recieve all Greetings ","level":"info"}
{"message":"Successfully Recieve all Greetings ","level":"info"}
{"message":"Successfully Recieve all Greetings ","level":"info"}
{"message":"Successfully Created Gretting","level":"info"}
{"message":"Successfully Recieve all Greetings ","level":"info"}
{"message":"Successfully Recieve all Greetings ","level":"info"}
{"message":"Greeting Message Deleted Successfully","level":"info"}
{"message":"Successfully Recieve all Greetings ","level":"info"}
{"message":"Successfully Recieve all Greetings ","level":"info"}
{"message":"Successfully Recieve all Greetings ","level":"info"}
{"message":"Successfully Created Gretting","level":"info"}
{"message":"Successfully Recieve all Greetings ","level":"info"}
{"message":"Successfully Created Gretting","level":"info"}
{"message":"Successfully Recieve all Greetings ","level":"info"}
{"message":"Successfully Recieve all Greetings ","level":"info"}
{"message":"Greeting Message Deleted Successfully","level":"info"}
{"message":"Successfully Recieve all Greetings ","level":"info"}
{"message":"Successfully Recieve all Greetings ","level":"info"}
{"message":"Successfully Recieve all Greetings ","level":"info"}
{"message":"Successfully Created Gretting","level":"info"}
{"message":"Successfully Recieve all Greetings ","level":"info"}
{"message":"Successfully Recieve all Greetings ","level":"info"}
{"message":"Greeting Message Deleted Successfully","level":"info"}
{"message":"Successfully Recieve all Greetings ","level":"info"}
{"message":"Successfully Recieve all Greetings ","level":"info"}
{"message":"Successfully Created Gretting","level":"info"}
{"message":"Successfully Recieve all Greetings ","level":"info"}
{"message":"Successfully Recieve all Greetings ","level":"info"}
{"message":"Successfully Recieve all Greetings ","level":"info"}
{"message":"Greeting Message Deleted Successfully","level":"info"}
{"message":"Successfully Recieve all Greetings ","level":"info"}
{"message":"Successfully Recieve all Greetings ","level":"info"}
{"message":"Successfully Updated Greeting with Greeting ID: 5fb7a11e8f57302644dd129a","level":"info"}
{"message":"Successfully Recieve all Greetings ","level":"info"}
{"message":"Successfully Recieve all Greetings ","level":"info"}
{"message":"Successfully Recieve all Greetings ","level":"info"}
{"message":"Successfully Created Gretting","level":"info"}
{"message":"Successfully Recieve all Greetings ","level":"info"}
{"message":"Successfully Recieve all Greetings ","level":"info"}
{"message":"Greeting Message Deleted Successfully","level":"info"}
{"message":"Successfully Recieve all Greetings ","level":"info"}
{"message":"Successfully Recieve all Greetings ","level":"info"}
{"message":"Successfully Created Gretting","level":"info"}
{"message":"Successfully Recieve all Greetings ","level":"info"}
{"message":"Successfully Recieve all Greetings ","level":"info"}
{"message":"Greeting Message Deleted Successfully","level":"info"}
{"message":"Successfully Recieve all Greetings ","level":"info"}
